<?xml version='1.0' encoding='UTF-8' ?>
<testsuite name="com.example.dogglers.ButtonTests" tests="6" failures="0" errors="0" skipped="0" time="8.818" timestamp="2023-06-30T13:45:21" hostname="localhost">
  <properties>
    <property name="device" value="SM-G980F - 13" />
    <property name="flavor" value="" />
    <property name="project" value=":app" />
  </properties>
  <testcase name="grid_list_button_is_displayed" classname="com.example.dogglers.ButtonTests" time="0.702" />
  <testcase name="clicking_horizontal_list_button_displays_horizontal_list" classname="com.example.dogglers.ButtonTests" time="1.244" />
  <testcase name="clicking_grid_list_button_displays_grid_list" classname="com.example.dogglers.ButtonTests" time="1.158" />
  <testcase name="clicking_vertical_list_button_displays_vertical_list" classname="com.example.dogglers.ButtonTests" time="1.676" />
  <testcase name="horizontal_list_button_is_displayed" classname="com.example.dogglers.ButtonTests" time="0.542" />
  <testcase name="vertical_list_button_is_displayed" classname="com.example.dogglers.ButtonTests" time="0.642" />
</testsuite>